<?xml version="1.0" encoding="UTF-8"?>
<testng-results skipped="0" failed="0" ignored="0" total="1" passed="1">
  <reporter-output>
  </reporter-output>
  <suite name="Surefire suite" duration-ms="35965" started-at="2023-09-18T23:46:59 BST" finished-at="2023-09-18T23:47:35 BST">
    <groups>
      <group name="cucumber">
        <method signature="AbstractTestNGCucumberTests.runScenario(io.cucumber.testng.PickleWrapper,io.cucumber.testng.FeatureWrapper)[pri:0, instance:runner.TestRunner@2a556333]" name="runScenario" class="io.cucumber.testng.AbstractTestNGCucumberTests"/>
      </group> <!-- cucumber -->
    </groups>
    <test name="Surefire test" duration-ms="35965" started-at="2023-09-18T23:46:59 BST" finished-at="2023-09-18T23:47:35 BST">
      <class name="runner.TestRunner">
        <test-method status="PASS" signature="setUpClass(org.testng.ITestContext)[pri:0, instance:runner.TestRunner@2a556333]" name="setUpClass" is-config="true" duration-ms="1868" started-at="2023-09-18T23:46:59 BST" finished-at="2023-09-18T23:47:01 BST">
          <params>
            <param index="0">
              <value>
                <![CDATA[org.testng.TestRunner@2b61a019]]>
              </value>
            </param>
          </params>
          <reporter-output>
          </reporter-output>
        </test-method> <!-- setUpClass -->
        <test-method status="PASS" signature="runScenario(io.cucumber.testng.PickleWrapper,io.cucumber.testng.FeatureWrapper)[pri:0, instance:runner.TestRunner@2a556333]" name="runScenario" duration-ms="32834" started-at="2023-09-18T23:47:01 BST" description="Runs Cucumber Scenarios" data-provider="scenarios" finished-at="2023-09-18T23:47:34 BST">
          <params>
            <param index="0">
              <value>
                <![CDATA["CH_KRS_TC001 Successfully validated the consultant availability for my postcode"]]>
              </value>
            </param>
            <param index="1">
              <value>
                <![CDATA["Functionality to check consultant's availability for"]]>
              </value>
            </param>
          </params>
          <reporter-output>
          </reporter-output>
        </test-method> <!-- runScenario -->
        <test-method status="PASS" signature="tearDownClass()[pri:0, instance:runner.TestRunner@2a556333]" name="tearDownClass" is-config="true" duration-ms="1204" started-at="2023-09-18T23:47:34 BST" finished-at="2023-09-18T23:47:35 BST">
          <reporter-output>
          </reporter-output>
        </test-method> <!-- tearDownClass -->
      </class> <!-- runner.TestRunner -->
    </test> <!-- Surefire test -->
  </suite> <!-- Surefire suite -->
</testng-results>
